[{"line":1,"elements":[{"start_timestamp":"2022-11-24T11:00:22.369Z","line":35,"name":"Login with valid username and password","description":"","id":"my-account--login-feature;login-with-valid-username-and-password;;2","type":"scenario","keyword":"Scenario Outline","steps":[{"result":{"duration":5375305700,"status":"passed"},"line":26,"name":"Open browser","match":{"location":"stepDefinations.MyAccountLoginStepDefinations.open_browser()"},"keyword":"Given "},{"result":{"duration":2592495600,"status":"passed"},"line":27,"name":"Enter url \"https://practice.automationtesting.in/\"","match":{"arguments":[{"val":"\"https://practice.automationtesting.in/\"","offset":10}],"location":"stepDefinations.MyAccountLoginStepDefinations.enter_url(java.lang.String)"},"keyword":"When "},{"result":{"duration":1108756000,"status":"passed"},"line":28,"name":"Click on My Account menu","match":{"location":"stepDefinations.MyAccountLoginStepDefinations.click_on_my_account_menu()"},"keyword":"And "},{"result":{"duration":566882200,"status":"passed"},"line":29,"name":"Enter registered Username \"kandevinod446\" and Password \"Vinod@1\"","match":{"arguments":[{"val":"\"kandevinod446\"","offset":26},{"val":"\"Vinod@1\"","offset":55}],"location":"stepDefinations.MyAccountLoginStepDefinations.enter_registered_username_and_password(java.lang.String,java.lang.String)"},"keyword":"And "},{"result":{"duration":1930131900,"status":"passed"},"line":30,"name":"Click on Login button","match":{"location":"stepDefinations.MyAccountLoginStepDefinations.click_on_login_button()"},"keyword":"And "},{"result":{"duration":114605800,"status":"passed"},"line":31,"name":"Verify login","match":{"location":"stepDefinations.MyAccountLoginStepDefinations.verify_login()"},"keyword":"Then "}]},{"start_timestamp":"2022-11-24T11:00:34.137Z","line":36,"name":"Login with valid username and password","description":"","id":"my-account--login-feature;login-with-valid-username-and-password;;3","type":"scenario","keyword":"Scenario Outline","steps":[{"result":{"duration":1073917900,"status":"passed"},"line":26,"name":"Open browser","match":{"location":"stepDefinations.MyAccountLoginStepDefinations.open_browser()"},"keyword":"Given "},{"result":{"duration":3115580300,"status":"passed"},"line":27,"name":"Enter url \"https://practice.automationtesting.in/\"","match":{"arguments":[{"val":"\"https://practice.automationtesting.in/\"","offset":10}],"location":"stepDefinations.MyAccountLoginStepDefinations.enter_url(java.lang.String)"},"keyword":"When "},{"result":{"duration":91565800,"status":"passed"},"line":28,"name":"Click on My Account menu","match":{"location":"stepDefinations.MyAccountLoginStepDefinations.click_on_my_account_menu()"},"keyword":"And "},{"result":{"error_message":"org.openqa.selenium.NoSuchElementException: no such element: Unable to locate element: {\"method\":\"xpath\",\"selector\":\"/html[1]/body[1]/div[1]/div[2]/div[1]/div[1]/div[1]/div[1]/div[1]/div[1]/div[1]/form[1]/p[1]/input[1]\"}\n  (Session info: chrome=107.0.5304.107)\nFor documentation on this error, please visit: https://selenium.dev/exceptions/#no_such_element\nBuild info: version: '4.5.0', revision: 'fe167b119a'\nSystem info: os.name: 'Windows 11', os.arch: 'amd64', os.version: '10.0', java.version: '17.0.2'\nDriver info: org.openqa.selenium.chrome.ChromeDriver\nCommand: [023afa82c681dcc2a6729ec0a9ad0426, findElement {using=xpath, value=/html[1]/body[1]/div[1]/div[2]/div[1]/div[1]/div[1]/div[1]/div[1]/div[1]/div[1]/form[1]/p[1]/input[1]}]\nCapabilities {acceptInsecureCerts: false, browserName: chrome, browserVersion: 107.0.5304.107, chrome: {chromedriverVersion: 107.0.5304.62 (1eec40d3a576..., userDataDir: C:\\Users\\hp\\AppData\\Local\\T...}, goog:chromeOptions: {debuggerAddress: localhost:63943}, networkConnectionEnabled: false, pageLoadStrategy: normal, platformName: WINDOWS, proxy: Proxy(), se:cdp: ws://localhost:63943/devtoo..., se:cdpVersion: 107.0.5304.107, setWindowRect: true, strictFileInteractability: false, timeouts: {implicit: 0, pageLoad: 300000, script: 30000}, unhandledPromptBehavior: dismiss and notify, webauthn:extension:credBlob: true, webauthn:extension:largeBlob: true, webauthn:virtualAuthenticators: true}\nSession ID: 023afa82c681dcc2a6729ec0a9ad0426\r\n\tat java.base/jdk.internal.reflect.NativeConstructorAccessorImpl.newInstance0(Native Method)\r\n\tat java.base/jdk.internal.reflect.NativeConstructorAccessorImpl.newInstance(NativeConstructorAccessorImpl.java:77)\r\n\tat java.base/jdk.internal.reflect.DelegatingConstructorAccessorImpl.newInstance(DelegatingConstructorAccessorImpl.java:45)\r\n\tat java.base/java.lang.reflect.Constructor.newInstanceWithCaller(Constructor.java:499)\r\n\tat java.base/java.lang.reflect.Constructor.newInstance(Constructor.java:480)\r\n\tat org.openqa.selenium.remote.codec.w3c.W3CHttpResponseCodec.createException(W3CHttpResponseCodec.java:200)\r\n\tat org.openqa.selenium.remote.codec.w3c.W3CHttpResponseCodec.decode(W3CHttpResponseCodec.java:133)\r\n\tat org.openqa.selenium.remote.codec.w3c.W3CHttpResponseCodec.decode(W3CHttpResponseCodec.java:53)\r\n\tat org.openqa.selenium.remote.HttpCommandExecutor.execute(HttpCommandExecutor.java:184)\r\n\tat org.openqa.selenium.remote.service.DriverCommandExecutor.invokeExecute(DriverCommandExecutor.java:167)\r\n\tat org.openqa.selenium.remote.service.DriverCommandExecutor.execute(DriverCommandExecutor.java:142)\r\n\tat org.openqa.selenium.remote.RemoteWebDriver.execute(RemoteWebDriver.java:547)\r\n\tat org.openqa.selenium.remote.ElementLocation$ElementFinder$2.findElement(ElementLocation.java:162)\r\n\tat org.openqa.selenium.remote.ElementLocation.findElement(ElementLocation.java:60)\r\n\tat org.openqa.selenium.remote.RemoteWebDriver.findElement(RemoteWebDriver.java:365)\r\n\tat org.openqa.selenium.remote.RemoteWebDriver.findElement(RemoteWebDriver.java:357)\r\n\tat stepDefinations.MyAccountLoginStepDefinations.enter_registered_username_and_password(MyAccountLoginStepDefinations.java:48)\r\n\tat ✽.Enter registered Username \"kandevinod\" and Password \"Vinod@123\"(file:///C:/Users/hp/eclipse-workspace/CucumberProjectDemo/Features/MyAccount-Login.feature:29)\r\n","duration":62251000,"status":"failed"},"line":29,"name":"Enter registered Username \"kandevinod\" and Password \"Vinod@123\"","match":{"arguments":[{"val":"\"kandevinod\"","offset":26},{"val":"\"Vinod@123\"","offset":52}],"location":"stepDefinations.MyAccountLoginStepDefinations.enter_registered_username_and_password(java.lang.String,java.lang.String)"},"keyword":"And "},{"result":{"status":"skipped"},"line":30,"name":"Click on Login button","match":{"location":"stepDefinations.MyAccountLoginStepDefinations.click_on_login_button()"},"keyword":"And "},{"result":{"status":"skipped"},"line":31,"name":"Verify login","match":{"location":"stepDefinations.MyAccountLoginStepDefinations.verify_login()"},"keyword":"Then "}]},{"start_timestamp":"2022-11-24T11:00:38.518Z","line":37,"name":"Login with valid username and password","description":"","id":"my-account--login-feature;login-with-valid-username-and-password;;4","type":"scenario","keyword":"Scenario Outline","steps":[{"result":{"duration":1183278000,"status":"passed"},"line":26,"name":"Open browser","match":{"location":"stepDefinations.MyAccountLoginStepDefinations.open_browser()"},"keyword":"Given "},{"result":{"duration":1262489700,"status":"passed"},"line":27,"name":"Enter url \"https://practice.automationtesting.in/\"","match":{"arguments":[{"val":"\"https://practice.automationtesting.in/\"","offset":10}],"location":"stepDefinations.MyAccountLoginStepDefinations.enter_url(java.lang.String)"},"keyword":"When "},{"result":{"error_message":"org.openqa.selenium.NoSuchWindowException: no such window: target window already closed\nfrom unknown error: web view not found\n  (Session info: chrome=107.0.5304.107)\nBuild info: version: '4.5.0', revision: 'fe167b119a'\nSystem info: os.name: 'Windows 11', os.arch: 'amd64', os.version: '10.0', java.version: '17.0.2'\nDriver info: org.openqa.selenium.chrome.ChromeDriver\nCommand: [fda24af8e2a1bd2596bde64d1988d5f6, findElement {using=xpath, value=//a[contains(text(),'My Account')]}]\nCapabilities {acceptInsecureCerts: false, browserName: chrome, browserVersion: 107.0.5304.107, chrome: {chromedriverVersion: 107.0.5304.62 (1eec40d3a576..., userDataDir: C:\\Users\\hp\\AppData\\Local\\T...}, goog:chromeOptions: {debuggerAddress: localhost:63995}, networkConnectionEnabled: false, pageLoadStrategy: normal, platformName: WINDOWS, proxy: Proxy(), se:cdp: ws://localhost:63995/devtoo..., se:cdpVersion: 107.0.5304.107, setWindowRect: true, strictFileInteractability: false, timeouts: {implicit: 0, pageLoad: 300000, script: 30000}, unhandledPromptBehavior: dismiss and notify, webauthn:extension:credBlob: true, webauthn:extension:largeBlob: true, webauthn:virtualAuthenticators: true}\nSession ID: fda24af8e2a1bd2596bde64d1988d5f6\r\n\tat java.base/jdk.internal.reflect.NativeConstructorAccessorImpl.newInstance0(Native Method)\r\n\tat java.base/jdk.internal.reflect.NativeConstructorAccessorImpl.newInstance(NativeConstructorAccessorImpl.java:77)\r\n\tat java.base/jdk.internal.reflect.DelegatingConstructorAccessorImpl.newInstance(DelegatingConstructorAccessorImpl.java:45)\r\n\tat java.base/java.lang.reflect.Constructor.newInstanceWithCaller(Constructor.java:499)\r\n\tat java.base/java.lang.reflect.Constructor.newInstance(Constructor.java:480)\r\n\tat org.openqa.selenium.remote.codec.w3c.W3CHttpResponseCodec.createException(W3CHttpResponseCodec.java:200)\r\n\tat org.openqa.selenium.remote.codec.w3c.W3CHttpResponseCodec.decode(W3CHttpResponseCodec.java:133)\r\n\tat org.openqa.selenium.remote.codec.w3c.W3CHttpResponseCodec.decode(W3CHttpResponseCodec.java:53)\r\n\tat org.openqa.selenium.remote.HttpCommandExecutor.execute(HttpCommandExecutor.java:184)\r\n\tat org.openqa.selenium.remote.service.DriverCommandExecutor.invokeExecute(DriverCommandExecutor.java:167)\r\n\tat org.openqa.selenium.remote.service.DriverCommandExecutor.execute(DriverCommandExecutor.java:142)\r\n\tat org.openqa.selenium.remote.RemoteWebDriver.execute(RemoteWebDriver.java:547)\r\n\tat org.openqa.selenium.remote.ElementLocation$ElementFinder$2.findElement(ElementLocation.java:162)\r\n\tat org.openqa.selenium.remote.ElementLocation.findElement(ElementLocation.java:60)\r\n\tat org.openqa.selenium.remote.RemoteWebDriver.findElement(RemoteWebDriver.java:365)\r\n\tat org.openqa.selenium.remote.RemoteWebDriver.findElement(RemoteWebDriver.java:357)\r\n\tat stepDefinations.MyAccountLoginStepDefinations.click_on_my_account_menu(MyAccountLoginStepDefinations.java:34)\r\n\tat ✽.Click on My Account menu(file:///C:/Users/hp/eclipse-workspace/CucumberProjectDemo/Features/MyAccount-Login.feature:28)\r\n","duration":8235200,"status":"failed"},"line":28,"name":"Click on My Account menu","match":{"location":"stepDefinations.MyAccountLoginStepDefinations.click_on_my_account_menu()"},"keyword":"And "},{"result":{"status":"skipped"},"line":29,"name":"Enter registered Username \"kandevinod4\" and Password \"Vinod\"","match":{"arguments":[{"val":"\"kandevinod4\"","offset":26},{"val":"\"Vinod\"","offset":53}],"location":"stepDefinations.MyAccountLoginStepDefinations.enter_registered_username_and_password(java.lang.String,java.lang.String)"},"keyword":"And "},{"result":{"status":"skipped"},"line":30,"name":"Click on Login button","match":{"location":"stepDefinations.MyAccountLoginStepDefinations.click_on_login_button()"},"keyword":"And "},{"result":{"status":"skipped"},"line":31,"name":"Verify login","match":{"location":"stepDefinations.MyAccountLoginStepDefinations.verify_login()"},"keyword":"Then "}]}],"name":"My Account- Login Feature","description":"Description: This  feature will test a login functionality","id":"my-account--login-feature","keyword":"Feature","uri":"file:Features/MyAccount-Login.feature","tags":[]},{"line":3,"elements":[{"start_timestamp":"2022-11-24T11:00:41.062Z","line":5,"name":"Successful login with valid credentials","description":"","id":"login-with-valid-data;successful-login-with-valid-credentials","type":"scenario","keyword":"Scenario","steps":[{"result":{"duration":1262309900,"status":"passed"},"line":6,"name":"User launch chrome browser","match":{"location":"stepDefinations.Steps_Login.user_launch_chrome_browser()"},"keyword":"Given "},{"result":{"error_message":"java.lang.NullPointerException: Cannot invoke \"org.openqa.selenium.WebDriver.get(String)\" because \"this.driver\" is null\r\n\tat stepDefinations.Steps_Login.user_provided_url(Steps_Login.java:29)\r\n\tat ✽.User provided url \"https://admin-demo.nopcommerce.com/\"(file:///C:/Users/hp/eclipse-workspace/CucumberProjectDemo/Features/Nopcommerce-Login.feature:7)\r\n","status":"failed"},"line":7,"name":"User provided url \"https://admin-demo.nopcommerce.com/\"","match":{"arguments":[{"val":"\"https://admin-demo.nopcommerce.com/\"","offset":18}],"location":"stepDefinations.Steps_Login.user_provided_url(java.lang.String)"},"keyword":"And "},{"result":{"status":"skipped"},"line":8,"name":"User enters email as \"admin@yourstore.com\" and password as \"admin\"","match":{"arguments":[{"val":"\"admin@yourstore.com\"","offset":21},{"val":"\"admin\"","offset":59}],"location":"stepDefinations.Steps_Login.user_enters_email_as_and_password_as(java.lang.String,java.lang.String)"},"keyword":"When "},{"result":{"status":"skipped"},"line":9,"name":"User clicks on login button","match":{"location":"stepDefinations.Steps_Login.user_clicks_on_login_button()"},"keyword":"And "},{"result":{"status":"skipped"},"line":10,"name":"Page titles should be \" Your store. Login\"","match":{"arguments":[{"val":"\" Your store. Login\"","offset":22}],"location":"stepDefinations.Steps_Login.page_titles_should_be(java.lang.String)"},"keyword":"Then "},{"result":{"status":"skipped"},"line":11,"name":"User Clicks on log-out link","match":{"location":"stepDefinations.Steps_Login.user_clicks_on_log_out_link()"},"keyword":"When "},{"result":{"status":"skipped"},"line":12,"name":"Page title should be \" Welcome, please Sing in\"","match":{},"keyword":"Then "},{"result":{"status":"skipped"},"line":13,"name":"close browser","match":{"location":"stepDefinations.Steps_Login.close_browser()"},"keyword":"And "}]}],"name":"Login with valid data","description":"","id":"login-with-valid-data","keyword":"Feature","uri":"file:Features/Nopcommerce-Login.feature","tags":[]}]